MSMS 2.6.1 started on v003
Copyright M.F. Sanner (1994)
Compilation flags -O2 -DVERBOSE -DTIMING
INPUT  tempOut 1450 spheres 0 collision only, radii  0.600 to  2.000
PARAM  Probe_radius  1.400 density 13.000 hdensity  3.000
REDUCED SURFACE ...
    RS component 0 identified 582 580 574
    0 free edge(s) found in component 0
    RS component  #faces  #edges #free_edges  #vertices   genus
         0        1234     1851          0        559      30
    Time Reduced Surface real: 0.02 user: 0.02 sys: 0.00
ANALYTICAL SOLVENT EXCLUDED SURFACE...
    Component   0
        Time Surface real: 0.01 user: 0.01 sys: 0.00
        Time Singularities real: 0.00 user: 0.00 sys: 0.00
    SES comp.  #fac.  #edg. #s_edg. #vert. #s_vert. R_h C_h genus
         0     3763   7575     61    3814      112   0   0    0
ANALYTICAL SURFACE AREA :
    Comp. probe_radius,   reent,    toric,   contact    SES       SAS
      0       1.400    1089.470  1685.252  1484.213  4258.935  5165.026
TRIANGULATION...
    Component 0
    component#, vertices,  edges,  faces, genus, density
        0          51563  154683  103122    0    12.107
        Time Triangulation real: 0.14 user: 0.13 sys: 0.00
NUMERICAL VOLUMES AND AREA
    Comp. probe_radius SES_volume SES_area)
       0      1.40    12905.284   4241.907
    Total ses_volume: 12905.284
MSMS terminated normally
Total Time real: 0.31 user: 0.28 sys: 0.01
