MSMS 2.6.1 started on v003
Copyright M.F. Sanner (1994)
Compilation flags -O2 -DVERBOSE -DTIMING
INPUT  tempOut 1715 spheres 0 collision only, radii  0.600 to  1.908
PARAM  Probe_radius  1.400 density 13.000 hdensity  3.000
REDUCED SURFACE ...
    RS component 0 identified 216 217 215
    0 free edge(s) found in component 0
    RS component  #faces  #edges #free_edges  #vertices   genus
         0        1578     2367          0        705      43
    Time Reduced Surface real: 0.03 user: 0.03 sys: 0.00
ANALYTICAL SOLVENT EXCLUDED SURFACE...
    Component   0
        Time Surface real: 0.00 user: 0.00 sys: 0.00
ordonne_arete: warning hole in a reentrant face 2150
        Time Singularities real: 0.00 user: 0.00 sys: 0.00
    SES comp.  #fac.  #edg. #s_edg. #vert. #s_vert. R_h C_h genus
         0     4807   9684     88    4876      136   1   0    2
ANALYTICAL SURFACE AREA :
    Comp. probe_radius,   reent,    toric,   contact    SES       SAS
      0       1.400    1377.637  2119.303  1762.055  5258.994  6182.611
TRIANGULATION...
    Component 0
    component#, vertices,  edges,  faces, genus, density
        0          63801  191409  127606    2    12.132
        Time Triangulation real: 0.19 user: 0.18 sys: 0.00
NUMERICAL VOLUMES AND AREA
    Comp. probe_radius SES_volume SES_area)
       0      1.40    15111.364   5230.100
    Total ses_volume: 15111.364
MSMS terminated normally
Total Time real: 0.39 user: 0.36 sys: 0.00
