MSMS 2.6.1 started on v003
Copyright M.F. Sanner (1994)
Compilation flags -O2 -DVERBOSE -DTIMING
INPUT  tempOut 1432 spheres 0 collision only, radii  0.600 to  2.000
PARAM  Probe_radius  1.400 density 13.000 hdensity  3.000
REDUCED SURFACE ...
    RS component 0 identified 373 383 372
    1 free edge(s) found in component 0
    RS component  #faces  #edges #free_edges  #vertices   genus
         0        1268     1902          1        566      35.5
    Time Reduced Surface real: 0.02 user: 0.02 sys: 0.00
ANALYTICAL SOLVENT EXCLUDED SURFACE...
    Component   0
        Time Surface real: 0.01 user: 0.01 sys: 0.00
        Time Singularities real: 0.00 user: 0.00 sys: 0.00
    SES comp.  #fac.  #edg. #s_edg. #vert. #s_vert. R_h C_h genus
         0     3866   7779     66    3916      108   0   1    0
ANALYTICAL SURFACE AREA :
    Comp. probe_radius,   reent,    toric,   contact    SES       SAS
      0       1.400    1105.991  1695.632  1487.263  4288.886  5196.689
TRIANGULATION...
    Component 0
WARNING: geodesic which intersects odd number of edges
    component#, vertices,  edges,  faces, genus, density
        0          52119  156351  104234    0    12.152
        Time Triangulation real: 0.15 user: 0.14 sys: 0.00
NUMERICAL VOLUMES AND AREA
    Comp. probe_radius SES_volume SES_area)
       0      1.40    12804.527   4271.578
    Total ses_volume: 12804.527
MSMS terminated normally
Total Time real: 0.31 user: 0.29 sys: 0.00
