MSMS 2.6.1 started on v003
Copyright M.F. Sanner (1994)
Compilation flags -O2 -DVERBOSE -DTIMING
INPUT  tempOut 3120 spheres 0 collision only, radii  0.600 to  2.000
PARAM  Probe_radius  1.400 density 13.000 hdensity  3.000
REDUCED SURFACE ...
    RS component 0 identified 2061 2071 2060
    1 free edge(s) found in component 0
    RS component  #faces  #edges #free_edges  #vertices   genus
         0        2456     3684          1       1098      66.5
    Time Reduced Surface real: 0.05 user: 0.05 sys: 0.00
ANALYTICAL SOLVENT EXCLUDED SURFACE...
    Component   0
        Time Surface real: 0.01 user: 0.00 sys: 0.00
1probe full1 and not full2
        Time Singularities real: 0.00 user: 0.00 sys: 0.00
    SES comp.  #fac.  #edg. #s_edg. #vert. #s_vert. R_h C_h genus
         0     7481  15059    122    7581      208   0   1    0
ANALYTICAL SURFACE AREA :
    Comp. probe_radius,   reent,    toric,   contact    SES       SAS
      0       1.400    2243.343  3285.479  2694.172  8222.994  9466.877
TRIANGULATION...
    Component 0
WARNING: geodesic which intersects odd number of edges
WARNING: geodesic which intersects odd number of edges
    component#, vertices,  edges,  faces, genus, density
        0          99924  299766  199844    0    12.152
        Time Triangulation real: 0.29 user: 0.29 sys: 0.00
NUMERICAL VOLUMES AND AREA
    Comp. probe_radius SES_volume SES_area)
       0      1.40    28079.617   8189.625
    Total ses_volume: 28079.617
MSMS terminated normally
Total Time real: 0.60 user: 0.56 sys: 0.01
