MSMS 2.6.1 started on v003
Copyright M.F. Sanner (1994)
Compilation flags -O2 -DVERBOSE -DTIMING
Atom 92 ignored, radius = 0.100000
Atom 190 ignored, radius = 0.100000
Atom 240 ignored, radius = 0.100000
Atom 261 ignored, radius = 0.100000
Atom 380 ignored, radius = 0.100000
Atom 413 ignored, radius = 0.100000
Atom 446 ignored, radius = 0.100000
Atom 585 ignored, radius = 0.100000
Atom 749 ignored, radius = 0.100000
Atom 844 ignored, radius = 0.100000
Atom 999 ignored, radius = 0.100000
Atom 1044 ignored, radius = 0.100000
Atom 1183 ignored, radius = 0.100000
Atom 1197 ignored, radius = 0.100000
Atom 1208 ignored, radius = 0.100000
Atom 1284 ignored, radius = 0.100000
Atom 1379 ignored, radius = 0.100000
Atom 1390 ignored, radius = 0.100000
Atom 1401 ignored, radius = 0.100000
Atom 1496 ignored, radius = 0.100000
Atom 1532 ignored, radius = 0.100000
Atom 1546 ignored, radius = 0.100000
Atom 1596 ignored, radius = 0.100000
Atom 1627 ignored, radius = 0.100000
Atom 1661 ignored, radius = 0.100000
INPUT  tempOut 3134 spheres 0 collision only, radii  0.600 to  1.908
PARAM  Probe_radius  1.400 density 13.000 hdensity  3.000
REDUCED SURFACE ...
    RS component 0 identified 235 229 230
    0 free edge(s) found in component 0
    RS component  #faces  #edges #free_edges  #vertices   genus
         0        2444     3666          0       1103      60.5
    Time Reduced Surface real: 0.05 user: 0.04 sys: 0.00
ANALYTICAL SOLVENT EXCLUDED SURFACE...
    Component   0
        Time Surface real: 0.00 user: 0.01 sys: 0.00
        Time Singularities real: 0.01 user: 0.00 sys: 0.00
    SES comp.  #fac.  #edg. #s_edg. #vert. #s_vert. R_h C_h genus
         0     7470  15066    157    7596      256   0   0    1
ANALYTICAL SURFACE AREA :
    Comp. probe_radius,   reent,    toric,   contact    SES       SAS
      0       1.400    2257.112  3252.867  2725.876  8235.855  9568.181
TRIANGULATION...
    Component 0
WARNING: geodesic which intersects odd number of edges
WARNING: geodesic which intersects odd number of edges
WARNING: geodesic which intersects odd number of edges
WARNING: geodesic which intersects odd number of edges
WARNING: geodesic which intersects odd number of edges
WARNING: geodesic which intersects odd number of edges
    component#, vertices,  edges,  faces, genus, density
        0          99858  299574  199716    1    12.125
        Time Triangulation real: 0.28 user: 0.28 sys: 0.00
NUMERICAL VOLUMES AND AREA
    Comp. probe_radius SES_volume SES_area)
       0      1.40    28074.188   8202.382
    Total ses_volume: 28074.188
MSMS terminated normally
Total Time real: 0.61 user: 0.56 sys: 0.01
