MSMS 2.6.1 started on v003
Copyright M.F. Sanner (1994)
Compilation flags -O2 -DVERBOSE -DTIMING
INPUT  tempOut 1727 spheres 0 collision only, radii  0.600 to  1.908
PARAM  Probe_radius  1.400 density 13.000 hdensity  3.000
REDUCED SURFACE ...
    RS component 0 identified 223 216 215
    0 free edge(s) found in component 0
    RS component  #faces  #edges #free_edges  #vertices   genus
         0        1576     2364          0        707      41.5
    Time Reduced Surface real: 0.03 user: 0.03 sys: 0.00
ANALYTICAL SOLVENT EXCLUDED SURFACE...
    Component   0
        Time Surface real: 0.00 user: 0.00 sys: 0.00
        Time Singularities real: 0.00 user: 0.01 sys: 0.00
    SES comp.  #fac.  #edg. #s_edg. #vert. #s_vert. R_h C_h genus
         0     4807   9687     93    4880      146   0   0    1
ANALYTICAL SURFACE AREA :
    Comp. probe_radius,   reent,    toric,   contact    SES       SAS
      0       1.400    1378.337  2109.555  1761.091  5248.983  6189.745
TRIANGULATION...
    Component 0
    component#, vertices,  edges,  faces, genus, density
        0          63709  191127  127418    1    12.137
        Time Triangulation real: 0.18 user: 0.17 sys: 0.00
NUMERICAL VOLUMES AND AREA
    Comp. probe_radius SES_volume SES_area)
       0      1.40    15204.906   5228.101
    Total ses_volume: 15204.906
MSMS terminated normally
Total Time real: 0.39 user: 0.35 sys: 0.01
