MSMS 2.6.1 started on v003
Copyright M.F. Sanner (1994)
Compilation flags -O2 -DVERBOSE -DTIMING
INPUT  tempOut 3164 spheres 0 collision only, radii  0.600 to  2.000
PARAM  Probe_radius  1.400 density 13.000 hdensity  3.000
REDUCED SURFACE ...
    RS component 0 identified 216 217 215
    0 free edge(s) found in component 0
    RS component  #faces  #edges #free_edges  #vertices   genus
         0        2540     3810          0       1142      65
    Time Reduced Surface real: 0.05 user: 0.05 sys: 0.00
ANALYTICAL SOLVENT EXCLUDED SURFACE...
    Component   0
        Time Surface real: 0.00 user: 0.00 sys: 0.00
        Time Singularities real: 0.00 user: 0.00 sys: 0.00
    SES comp.  #fac.  #edg. #s_edg. #vert. #s_vert. R_h C_h genus
         0     7741  15591    138    7850      224   0   0    1
ANALYTICAL SURFACE AREA :
    Comp. probe_radius,   reent,    toric,   contact    SES       SAS
      0       1.400    2343.095  3381.488  2764.580  8489.163  9683.596
TRIANGULATION...
    Component 0
    component#, vertices,  edges,  faces, genus, density
        0         103466  310398  206932    1    12.188
        Time Triangulation real: 0.29 user: 0.30 sys: 0.00
NUMERICAL VOLUMES AND AREA
    Comp. probe_radius SES_volume SES_area)
       0      1.40    28302.217   8454.916
    Total ses_volume: 28302.217
MSMS terminated normally
Total Time real: 0.63 user: 0.58 sys: 0.01
